2013/09/08 21:16:17 [error] [exception.CHttpException.403] exception 'CHttpException' with message 'You are not allowed to access this page.' in /data/Development/libs/yii-git/yii/framework/gii/GiiModule.php:170
Stack trace:
#0 /data/Development/libs/yii-git/yii/framework/web/CController.php(263): GiiModule->beforeControllerAction(Object(DefaultController), Object(CInlineAction))
#1 /data/Development/libs/yii-git/yii/framework/web/CWebApplication.php(282): CController->run('')
#2 /data/Development/libs/yii-git/yii/framework/web/CWebApplication.php(141): CWebApplication->runController('gii')
#3 /data/Development/libs/yii-git/yii/framework/base/CApplication.php(180): CWebApplication->processRequest()
#4 /data/Development/MyInvoice/index.php(13): CApplication->run()
#5 {main}
REQUEST_URI=/MyInvoice/index.php?r=gii
---
2013/09/08 21:16:34 [error] [exception.CHttpException.403] exception 'CHttpException' with message 'You are not allowed to access this page.' in /data/Development/libs/yii-git/yii/framework/gii/GiiModule.php:170
Stack trace:
#0 /data/Development/libs/yii-git/yii/framework/web/CController.php(263): GiiModule->beforeControllerAction(Object(DefaultController), Object(CInlineAction))
#1 /data/Development/libs/yii-git/yii/framework/web/CWebApplication.php(282): CController->run('')
#2 /data/Development/libs/yii-git/yii/framework/web/CWebApplication.php(141): CWebApplication->runController('gii')
#3 /data/Development/libs/yii-git/yii/framework/base/CApplication.php(180): CWebApplication->processRequest()
#4 /data/Development/MyInvoice/index.php(13): CApplication->run()
#5 {main}
REQUEST_URI=/MyInvoice/index.php?r=gii
---
2013/09/08 21:17:32 [error] [system.db.CDbCommand] CDbCommand::fetchAll() failed: SQLSTATE[HY000]: General error: 1345 EXPLAIN/SHOW can not be issued; lacking privileges for underlying table. The SQL statement executed was: SHOW FULL COLUMNS FROM `v_perfmances_per_ym`.
in /data/Development/MyInvoice/index.php (13)
2013/09/08 21:17:52 [error] [system.db.CDbCommand] CDbCommand::fetchAll() failed: SQLSTATE[HY000]: General error: 1345 EXPLAIN/SHOW can not be issued; lacking privileges for underlying table. The SQL statement executed was: SHOW FULL COLUMNS FROM `v_perfmances_per_ym`.
in /data/Development/MyInvoice/index.php (13)
2013/09/08 21:17:52 [error] [system.db.CDbCommand] CDbCommand::fetchAll() failed: SQLSTATE[HY000]: General error: 1345 EXPLAIN/SHOW can not be issued; lacking privileges for underlying table. The SQL statement executed was: SHOW FULL COLUMNS FROM `v_perfmances_per_ym`.
in /data/Development/MyInvoice/index.php (13)
2013/09/08 21:17:54 [error] [system.db.CDbCommand] CDbCommand::fetchAll() failed: SQLSTATE[HY000]: General error: 1345 EXPLAIN/SHOW can not be issued; lacking privileges for underlying table. The SQL statement executed was: SHOW FULL COLUMNS FROM `v_perfmances_per_ym`.
in /data/Development/MyInvoice/index.php (13)
2013/09/08 21:17:54 [error] [system.db.CDbCommand] CDbCommand::fetchAll() failed: SQLSTATE[HY000]: General error: 1345 EXPLAIN/SHOW can not be issued; lacking privileges for underlying table. The SQL statement executed was: SHOW FULL COLUMNS FROM `v_perfmances_per_ym`.
in /data/Development/MyInvoice/index.php (13)
2013/09/08 21:18:25 [error] [system.db.CDbCommand] CDbCommand::fetchAll() failed: SQLSTATE[HY000]: General error: 1345 EXPLAIN/SHOW can not be issued; lacking privileges for underlying table. The SQL statement executed was: SHOW FULL COLUMNS FROM `v_perfmances_per_ym`.
in /data/Development/MyInvoice/index.php (13)
2013/09/08 21:18:25 [error] [system.db.CDbCommand] CDbCommand::fetchAll() failed: SQLSTATE[HY000]: General error: 1345 EXPLAIN/SHOW can not be issued; lacking privileges for underlying table. The SQL statement executed was: SHOW FULL COLUMNS FROM `v_perfmances_per_ym`.
in /data/Development/MyInvoice/index.php (13)
2013/09/08 21:18:27 [error] [system.db.CDbCommand] CDbCommand::fetchAll() failed: SQLSTATE[HY000]: General error: 1345 EXPLAIN/SHOW can not be issued; lacking privileges for underlying table. The SQL statement executed was: SHOW FULL COLUMNS FROM `v_perfmances_per_ym`.
in /data/Development/MyInvoice/index.php (13)
2013/09/08 21:18:27 [error] [system.db.CDbCommand] CDbCommand::fetchAll() failed: SQLSTATE[HY000]: General error: 1345 EXPLAIN/SHOW can not be issued; lacking privileges for underlying table. The SQL statement executed was: SHOW FULL COLUMNS FROM `v_perfmances_per_ym`.
in /data/Development/MyInvoice/index.php (13)
2013/09/08 21:18:48 [error] [system.db.CDbCommand] CDbCommand::fetchAll() failed: SQLSTATE[HY000]: General error: 1345 EXPLAIN/SHOW can not be issued; lacking privileges for underlying table. The SQL statement executed was: SHOW FULL COLUMNS FROM `v_perfmances_per_ym`.
in /data/Development/MyInvoice/index.php (13)
2013/09/08 21:18:48 [error] [system.db.CDbCommand] CDbCommand::fetchAll() failed: SQLSTATE[HY000]: General error: 1345 EXPLAIN/SHOW can not be issued; lacking privileges for underlying table. The SQL statement executed was: SHOW FULL COLUMNS FROM `v_perfmances_per_ym`.
in /data/Development/MyInvoice/index.php (13)
2013/09/08 21:18:50 [error] [system.db.CDbCommand] CDbCommand::fetchAll() failed: SQLSTATE[HY000]: General error: 1345 EXPLAIN/SHOW can not be issued; lacking privileges for underlying table. The SQL statement executed was: SHOW FULL COLUMNS FROM `v_perfmances_per_ym`.
in /data/Development/MyInvoice/index.php (13)
2013/09/08 21:18:50 [error] [system.db.CDbCommand] CDbCommand::fetchAll() failed: SQLSTATE[HY000]: General error: 1345 EXPLAIN/SHOW can not be issued; lacking privileges for underlying table. The SQL statement executed was: SHOW FULL COLUMNS FROM `v_perfmances_per_ym`.
in /data/Development/MyInvoice/index.php (13)
2013/09/08 21:18:59 [error] [system.db.CDbCommand] CDbCommand::fetchAll() failed: SQLSTATE[HY000]: General error: 1345 EXPLAIN/SHOW can not be issued; lacking privileges for underlying table. The SQL statement executed was: SHOW FULL COLUMNS FROM `v_perfmances_per_ym`.
in /data/Development/MyInvoice/index.php (13)
2013/09/08 21:18:59 [error] [system.db.CDbCommand] CDbCommand::fetchAll() failed: SQLSTATE[HY000]: General error: 1345 EXPLAIN/SHOW can not be issued; lacking privileges for underlying table. The SQL statement executed was: SHOW FULL COLUMNS FROM `v_perfmances_per_ym`.
in /data/Development/MyInvoice/index.php (13)
2013/09/08 21:19:01 [error] [system.db.CDbCommand] CDbCommand::fetchAll() failed: SQLSTATE[HY000]: General error: 1345 EXPLAIN/SHOW can not be issued; lacking privileges for underlying table. The SQL statement executed was: SHOW FULL COLUMNS FROM `v_perfmances_per_ym`.
in /data/Development/MyInvoice/index.php (13)
2013/09/08 21:19:01 [error] [system.db.CDbCommand] CDbCommand::fetchAll() failed: SQLSTATE[HY000]: General error: 1345 EXPLAIN/SHOW can not be issued; lacking privileges for underlying table. The SQL statement executed was: SHOW FULL COLUMNS FROM `v_perfmances_per_ym`.
in /data/Development/MyInvoice/index.php (13)
2013/09/08 21:21:38 [error] [system.db.CDbCommand] CDbCommand::fetchAll() failed: SQLSTATE[HY000]: General error: 1345 EXPLAIN/SHOW can not be issued; lacking privileges for underlying table. The SQL statement executed was: SHOW FULL COLUMNS FROM `v_perfmances_per_ym`.
in /data/Development/MyInvoice/index.php (13)
2013/09/08 21:28:23 [error] [system.db.CDbCommand] CDbCommand::fetchAll() failed: SQLSTATE[HY000]: General error: 1345 EXPLAIN/SHOW can not be issued; lacking privileges for underlying table. The SQL statement executed was: SHOW FULL COLUMNS FROM `v_perfmances_per_ym`.
in /data/Development/MyInvoice/index.php (13)
2013/09/08 21:28:35 [error] [system.db.CDbCommand] CDbCommand::fetchAll() failed: SQLSTATE[HY000]: General error: 1345 EXPLAIN/SHOW can not be issued; lacking privileges for underlying table. The SQL statement executed was: SHOW FULL COLUMNS FROM `v_perfmances_per_ym`.
in /data/Development/MyInvoice/index.php (13)
2013/09/08 21:28:35 [error] [system.db.CDbCommand] CDbCommand::fetchAll() failed: SQLSTATE[HY000]: General error: 1345 EXPLAIN/SHOW can not be issued; lacking privileges for underlying table. The SQL statement executed was: SHOW FULL COLUMNS FROM `v_perfmances_per_ym`.
in /data/Development/MyInvoice/index.php (13)
2013/09/08 21:28:37 [error] [system.db.CDbCommand] CDbCommand::fetchAll() failed: SQLSTATE[HY000]: General error: 1345 EXPLAIN/SHOW can not be issued; lacking privileges for underlying table. The SQL statement executed was: SHOW FULL COLUMNS FROM `v_perfmances_per_ym`.
in /data/Development/MyInvoice/index.php (13)
2013/09/08 21:28:37 [error] [system.db.CDbCommand] CDbCommand::fetchAll() failed: SQLSTATE[HY000]: General error: 1345 EXPLAIN/SHOW can not be issued; lacking privileges for underlying table. The SQL statement executed was: SHOW FULL COLUMNS FROM `v_perfmances_per_ym`.
in /data/Development/MyInvoice/index.php (13)
2013/09/08 21:28:50 [error] [system.db.CDbCommand] CDbCommand::fetchAll() failed: SQLSTATE[HY000]: General error: 1345 EXPLAIN/SHOW can not be issued; lacking privileges for underlying table. The SQL statement executed was: SHOW FULL COLUMNS FROM `v_perfmances_per_ym`.
in /data/Development/MyInvoice/index.php (13)
2013/09/08 21:28:50 [error] [system.db.CDbCommand] CDbCommand::fetchAll() failed: SQLSTATE[HY000]: General error: 1345 EXPLAIN/SHOW can not be issued; lacking privileges for underlying table. The SQL statement executed was: SHOW FULL COLUMNS FROM `v_perfmances_per_ym`.
in /data/Development/MyInvoice/index.php (13)
2013/09/08 21:28:51 [error] [system.db.CDbCommand] CDbCommand::fetchAll() failed: SQLSTATE[HY000]: General error: 1345 EXPLAIN/SHOW can not be issued; lacking privileges for underlying table. The SQL statement executed was: SHOW FULL COLUMNS FROM `v_perfmances_per_ym`.
in /data/Development/MyInvoice/index.php (13)
2013/09/08 21:28:51 [error] [system.db.CDbCommand] CDbCommand::fetchAll() failed: SQLSTATE[HY000]: General error: 1345 EXPLAIN/SHOW can not be issued; lacking privileges for underlying table. The SQL statement executed was: SHOW FULL COLUMNS FROM `v_perfmances_per_ym`.
in /data/Development/MyInvoice/index.php (13)
2013/09/08 21:28:59 [error] [system.db.CDbCommand] CDbCommand::fetchAll() failed: SQLSTATE[HY000]: General error: 1345 EXPLAIN/SHOW can not be issued; lacking privileges for underlying table. The SQL statement executed was: SHOW FULL COLUMNS FROM `v_perfmances_per_ym`.
in /data/Development/MyInvoice/index.php (13)
2013/09/08 21:28:59 [error] [system.db.CDbCommand] CDbCommand::fetchAll() failed: SQLSTATE[HY000]: General error: 1345 EXPLAIN/SHOW can not be issued; lacking privileges for underlying table. The SQL statement executed was: SHOW FULL COLUMNS FROM `v_perfmances_per_ym`.
in /data/Development/MyInvoice/index.php (13)
2013/09/08 21:29:01 [error] [system.db.CDbCommand] CDbCommand::fetchAll() failed: SQLSTATE[HY000]: General error: 1345 EXPLAIN/SHOW can not be issued; lacking privileges for underlying table. The SQL statement executed was: SHOW FULL COLUMNS FROM `v_perfmances_per_ym`.
in /data/Development/MyInvoice/index.php (13)
2013/09/08 21:29:01 [error] [system.db.CDbCommand] CDbCommand::fetchAll() failed: SQLSTATE[HY000]: General error: 1345 EXPLAIN/SHOW can not be issued; lacking privileges for underlying table. The SQL statement executed was: SHOW FULL COLUMNS FROM `v_perfmances_per_ym`.
in /data/Development/MyInvoice/index.php (13)
2013/09/08 21:29:22 [error] [system.db.CDbCommand] CDbCommand::fetchAll() failed: SQLSTATE[HY000]: General error: 1345 EXPLAIN/SHOW can not be issued; lacking privileges for underlying table. The SQL statement executed was: SHOW FULL COLUMNS FROM `v_perfmances_per_ym`.
in /data/Development/MyInvoice/index.php (13)
2013/09/08 21:29:22 [error] [system.db.CDbCommand] CDbCommand::fetchAll() failed: SQLSTATE[HY000]: General error: 1345 EXPLAIN/SHOW can not be issued; lacking privileges for underlying table. The SQL statement executed was: SHOW FULL COLUMNS FROM `v_perfmances_per_ym`.
in /data/Development/MyInvoice/index.php (13)
2013/09/08 21:29:23 [error] [system.db.CDbCommand] CDbCommand::fetchAll() failed: SQLSTATE[HY000]: General error: 1345 EXPLAIN/SHOW can not be issued; lacking privileges for underlying table. The SQL statement executed was: SHOW FULL COLUMNS FROM `v_perfmances_per_ym`.
in /data/Development/MyInvoice/index.php (13)
2013/09/08 21:29:23 [error] [system.db.CDbCommand] CDbCommand::fetchAll() failed: SQLSTATE[HY000]: General error: 1345 EXPLAIN/SHOW can not be issued; lacking privileges for underlying table. The SQL statement executed was: SHOW FULL COLUMNS FROM `v_perfmances_per_ym`.
in /data/Development/MyInvoice/index.php (13)
2013/09/08 21:29:30 [error] [system.db.CDbCommand] CDbCommand::fetchAll() failed: SQLSTATE[HY000]: General error: 1345 EXPLAIN/SHOW can not be issued; lacking privileges for underlying table. The SQL statement executed was: SHOW FULL COLUMNS FROM `v_perfmances_per_ym`.
in /data/Development/MyInvoice/index.php (13)
2013/09/08 21:29:30 [error] [system.db.CDbCommand] CDbCommand::fetchAll() failed: SQLSTATE[HY000]: General error: 1345 EXPLAIN/SHOW can not be issued; lacking privileges for underlying table. The SQL statement executed was: SHOW FULL COLUMNS FROM `v_perfmances_per_ym`.
in /data/Development/MyInvoice/index.php (13)
2013/09/08 21:29:31 [error] [system.db.CDbCommand] CDbCommand::fetchAll() failed: SQLSTATE[HY000]: General error: 1345 EXPLAIN/SHOW can not be issued; lacking privileges for underlying table. The SQL statement executed was: SHOW FULL COLUMNS FROM `v_perfmances_per_ym`.
in /data/Development/MyInvoice/index.php (13)
2013/09/08 21:29:31 [error] [system.db.CDbCommand] CDbCommand::fetchAll() failed: SQLSTATE[HY000]: General error: 1345 EXPLAIN/SHOW can not be issued; lacking privileges for underlying table. The SQL statement executed was: SHOW FULL COLUMNS FROM `v_perfmances_per_ym`.
in /data/Development/MyInvoice/index.php (13)
2013/09/08 21:30:13 [error] [system.db.CDbCommand] CDbCommand::fetchAll() failed: SQLSTATE[HY000]: General error: 1345 EXPLAIN/SHOW can not be issued; lacking privileges for underlying table. The SQL statement executed was: SHOW FULL COLUMNS FROM `v_perfmances_per_ym`.
in /data/Development/MyInvoice/index.php (13)
2013/09/08 21:30:13 [error] [system.db.CDbCommand] CDbCommand::fetchAll() failed: SQLSTATE[HY000]: General error: 1345 EXPLAIN/SHOW can not be issued; lacking privileges for underlying table. The SQL statement executed was: SHOW FULL COLUMNS FROM `v_perfmances_per_ym`.
in /data/Development/MyInvoice/index.php (13)
2013/09/08 21:30:15 [error] [system.db.CDbCommand] CDbCommand::fetchAll() failed: SQLSTATE[HY000]: General error: 1345 EXPLAIN/SHOW can not be issued; lacking privileges for underlying table. The SQL statement executed was: SHOW FULL COLUMNS FROM `v_perfmances_per_ym`.
in /data/Development/MyInvoice/index.php (13)
2013/09/08 21:30:15 [error] [system.db.CDbCommand] CDbCommand::fetchAll() failed: SQLSTATE[HY000]: General error: 1345 EXPLAIN/SHOW can not be issued; lacking privileges for underlying table. The SQL statement executed was: SHOW FULL COLUMNS FROM `v_perfmances_per_ym`.
in /data/Development/MyInvoice/index.php (13)
2013/09/08 21:50:06 [error] [exception.CHttpException.403] exception 'CHttpException' with message 'You are not authorized to perform this action.' in /data/Development/libs/yii-git/yii/framework/web/auth/CAccessControlFilter.php:182
Stack trace:
#0 /data/Development/libs/yii-git/yii/framework/web/auth/CAccessControlFilter.php(145): CAccessControlFilter->accessDenied(Object(CWebUser), 'You are not aut...')
#1 /data/Development/libs/yii-git/yii/framework/web/filters/CFilter.php(38): CAccessControlFilter->preFilter(Object(CFilterChain))
#2 /data/Development/libs/yii-git/yii/framework/web/CController.php(1145): CFilter->filter(Object(CFilterChain))
#3 /data/Development/libs/yii-git/yii/framework/web/filters/CInlineFilter.php(58): CController->filterAccessControl(Object(CFilterChain))
#4 /data/Development/libs/yii-git/yii/framework/web/filters/CFilterChain.php(130): CInlineFilter->filter(Object(CFilterChain))
#5 /data/Development/libs/yii-git/yii/framework/web/CController.php(291): CFilterChain->run()
#6 /data/Development/libs/yii-git/yii/framework/web/CController.php(265): CController->runActionWithFilters(Object(CInlineAction), Array)
#7 /data/Development/libs/yii-git/yii/framework/web/CWebApplication.php(282): CController->run('invoiceFromOrde...')
#8 /data/Development/libs/yii-git/yii/framework/web/CWebApplication.php(141): CWebApplication->runController('Invoices/invoic...')
#9 /data/Development/libs/yii-git/yii/framework/base/CApplication.php(180): CWebApplication->processRequest()
#10 /data/Development/MyInvoice/index.php(13): CApplication->run()
#11 {main}
REQUEST_URI=/MyInvoice/index.php?r=Invoices/invoiceFromOrder
---
2013/09/08 21:50:35 [error] [exception.CHttpException.400] exception 'CHttpException' with message 'Your request is invalid.' in /data/Development/libs/yii-git/yii/framework/web/CController.php:336
Stack trace:
#0 /data/Development/libs/yii-git/yii/framework/web/CController.php(309): CController->invalidActionParams(Object(CInlineAction))
#1 /data/Development/libs/yii-git/yii/framework/web/filters/CFilterChain.php(133): CController->runAction(Object(CInlineAction))
#2 /data/Development/libs/yii-git/yii/framework/web/filters/CFilter.php(40): CFilterChain->run()
#3 /data/Development/libs/yii-git/yii/framework/web/CController.php(1145): CFilter->filter(Object(CFilterChain))
#4 /data/Development/libs/yii-git/yii/framework/web/filters/CInlineFilter.php(58): CController->filterAccessControl(Object(CFilterChain))
#5 /data/Development/libs/yii-git/yii/framework/web/filters/CFilterChain.php(130): CInlineFilter->filter(Object(CFilterChain))
#6 /data/Development/libs/yii-git/yii/framework/web/CController.php(291): CFilterChain->run()
#7 /data/Development/libs/yii-git/yii/framework/web/CController.php(265): CController->runActionWithFilters(Object(CInlineAction), Array)
#8 /data/Development/libs/yii-git/yii/framework/web/CWebApplication.php(282): CController->run('invoiceFromOrde...')
#9 /data/Development/libs/yii-git/yii/framework/web/CWebApplication.php(141): CWebApplication->runController('Invoices/invoic...')
#10 /data/Development/libs/yii-git/yii/framework/base/CApplication.php(180): CWebApplication->processRequest()
#11 /data/Development/MyInvoice/index.php(13): CApplication->run()
#12 {main}
REQUEST_URI=/MyInvoice/index.php?r=Invoices/invoiceFromOrder
---
2013/09/08 21:51:30 [error] [exception.CHttpException.400] exception 'CHttpException' with message 'Your request is invalid.' in /data/Development/libs/yii-git/yii/framework/web/CController.php:336
Stack trace:
#0 /data/Development/libs/yii-git/yii/framework/web/CController.php(309): CController->invalidActionParams(Object(CInlineAction))
#1 /data/Development/libs/yii-git/yii/framework/web/filters/CFilterChain.php(133): CController->runAction(Object(CInlineAction))
#2 /data/Development/libs/yii-git/yii/framework/web/filters/CFilter.php(40): CFilterChain->run()
#3 /data/Development/libs/yii-git/yii/framework/web/CController.php(1145): CFilter->filter(Object(CFilterChain))
#4 /data/Development/libs/yii-git/yii/framework/web/filters/CInlineFilter.php(58): CController->filterAccessControl(Object(CFilterChain))
#5 /data/Development/libs/yii-git/yii/framework/web/filters/CFilterChain.php(130): CInlineFilter->filter(Object(CFilterChain))
#6 /data/Development/libs/yii-git/yii/framework/web/CController.php(291): CFilterChain->run()
#7 /data/Development/libs/yii-git/yii/framework/web/CController.php(265): CController->runActionWithFilters(Object(CInlineAction), Array)
#8 /data/Development/libs/yii-git/yii/framework/web/CWebApplication.php(282): CController->run('invoicefromorde...')
#9 /data/Development/libs/yii-git/yii/framework/web/CWebApplication.php(141): CWebApplication->runController('Invoices/invoic...')
#10 /data/Development/libs/yii-git/yii/framework/base/CApplication.php(180): CWebApplication->processRequest()
#11 /data/Development/MyInvoice/index.php(13): CApplication->run()
#12 {main}
REQUEST_URI=/MyInvoice/index.php?r=Invoices/invoicefromorder
---
2013/09/08 21:53:13 [error] [exception.CHttpException.400] exception 'CHttpException' with message 'Your request is invalid.' in /data/Development/libs/yii-git/yii/framework/web/CController.php:336
Stack trace:
#0 /data/Development/libs/yii-git/yii/framework/web/CController.php(309): CController->invalidActionParams(Object(CInlineAction))
#1 /data/Development/libs/yii-git/yii/framework/web/filters/CFilterChain.php(133): CController->runAction(Object(CInlineAction))
#2 /data/Development/libs/yii-git/yii/framework/web/filters/CFilter.php(40): CFilterChain->run()
#3 /data/Development/libs/yii-git/yii/framework/web/CController.php(1145): CFilter->filter(Object(CFilterChain))
#4 /data/Development/libs/yii-git/yii/framework/web/filters/CInlineFilter.php(58): CController->filterAccessControl(Object(CFilterChain))
#5 /data/Development/libs/yii-git/yii/framework/web/filters/CFilterChain.php(130): CInlineFilter->filter(Object(CFilterChain))
#6 /data/Development/libs/yii-git/yii/framework/web/CController.php(291): CFilterChain->run()
#7 /data/Development/libs/yii-git/yii/framework/web/CController.php(265): CController->runActionWithFilters(Object(CInlineAction), Array)
#8 /data/Development/libs/yii-git/yii/framework/web/CWebApplication.php(282): CController->run('invoicefromorde...')
#9 /data/Development/libs/yii-git/yii/framework/web/CWebApplication.php(141): CWebApplication->runController('Invoices/invoic...')
#10 /data/Development/libs/yii-git/yii/framework/base/CApplication.php(180): CWebApplication->processRequest()
#11 /data/Development/MyInvoice/index.php(13): CApplication->run()
#12 {main}
REQUEST_URI=/MyInvoice/index.php?r=Invoices/invoicefromorder
---
2013/09/08 21:53:26 [error] [exception.CHttpException.404] exception 'CHttpException' with message 'The system is unable to find the requested action "invoicefromorder?orderid=123".' in /data/Development/libs/yii-git/yii/framework/web/CController.php:483
Stack trace:
#0 /data/Development/libs/yii-git/yii/framework/web/CController.php(270): CController->missingAction('invoicefromorde...')
#1 /data/Development/libs/yii-git/yii/framework/web/CWebApplication.php(282): CController->run('invoicefromorde...')
#2 /data/Development/libs/yii-git/yii/framework/web/CWebApplication.php(141): CWebApplication->runController('Invoices/invoic...')
#3 /data/Development/libs/yii-git/yii/framework/base/CApplication.php(180): CWebApplication->processRequest()
#4 /data/Development/MyInvoice/index.php(13): CApplication->run()
#5 {main}
REQUEST_URI=/MyInvoice/index.php?r=Invoices/invoicefromorder?orderid=123
---
2013/09/08 21:57:48 [error] [exception.CHttpException.400] exception 'CHttpException' with message 'Your request is invalid.' in /data/Development/libs/yii-git/yii/framework/web/CController.php:336
Stack trace:
#0 /data/Development/libs/yii-git/yii/framework/web/CController.php(309): CController->invalidActionParams(Object(CInlineAction))
#1 /data/Development/libs/yii-git/yii/framework/web/filters/CFilterChain.php(133): CController->runAction(Object(CInlineAction))
#2 /data/Development/libs/yii-git/yii/framework/web/filters/CFilter.php(40): CFilterChain->run()
#3 /data/Development/libs/yii-git/yii/framework/web/CController.php(1145): CFilter->filter(Object(CFilterChain))
#4 /data/Development/libs/yii-git/yii/framework/web/filters/CInlineFilter.php(58): CController->filterAccessControl(Object(CFilterChain))
#5 /data/Development/libs/yii-git/yii/framework/web/filters/CFilterChain.php(130): CInlineFilter->filter(Object(CFilterChain))
#6 /data/Development/libs/yii-git/yii/framework/web/CController.php(291): CFilterChain->run()
#7 /data/Development/libs/yii-git/yii/framework/web/CController.php(265): CController->runActionWithFilters(Object(CInlineAction), Array)
#8 /data/Development/libs/yii-git/yii/framework/web/CWebApplication.php(282): CController->run('invoicefromorde...')
#9 /data/Development/libs/yii-git/yii/framework/web/CWebApplication.php(141): CWebApplication->runController('invoices/invoic...')
#10 /data/Development/libs/yii-git/yii/framework/base/CApplication.php(180): CWebApplication->processRequest()
#11 /data/Development/MyInvoice/index.php(13): CApplication->run()
#12 {main}
REQUEST_URI=/MyInvoice/index.php?r=invoices/invoicefromorder
---
2013/09/08 21:57:58 [error] [exception.CHttpException.404] exception 'CHttpException' with message 'The requested page does not exist.' in /data/Development/MyInvoice/protected/controllers/InvoicesController.php:178
Stack trace:
#0 /data/Development/MyInvoice/protected/controllers/InvoicesController.php(76): InvoicesController->loadModel('2005287')
#1 /data/Development/MyInvoice/protected/controllers/InvoicesController.php(61): InvoicesController->actionView('2005287')
#2 [internal function]: InvoicesController->actionInvoiceFromOrder('23')
#3 /data/Development/libs/yii-git/yii/framework/web/actions/CAction.php(108): ReflectionMethod->invokeArgs(Object(InvoicesController), Array)
#4 /data/Development/libs/yii-git/yii/framework/web/actions/CInlineAction.php(47): CAction->runWithParamsInternal(Object(InvoicesController), Object(ReflectionMethod), Array)
#5 /data/Development/libs/yii-git/yii/framework/web/CController.php(308): CInlineAction->runWithParams(Array)
#6 /data/Development/libs/yii-git/yii/framework/web/filters/CFilterChain.php(133): CController->runAction(Object(CInlineAction))
#7 /data/Development/libs/yii-git/yii/framework/web/filters/CFilter.php(40): CFilterChain->run()
#8 /data/Development/libs/yii-git/yii/framework/web/CController.php(1145): CFilter->filter(Object(CFilterChain))
#9 /data/Development/libs/yii-git/yii/framework/web/filters/CInlineFilter.php(58): CController->filterAccessControl(Object(CFilterChain))
#10 /data/Development/libs/yii-git/yii/framework/web/filters/CFilterChain.php(130): CInlineFilter->filter(Object(CFilterChain))
#11 /data/Development/libs/yii-git/yii/framework/web/CController.php(291): CFilterChain->run()
#12 /data/Development/libs/yii-git/yii/framework/web/CController.php(265): CController->runActionWithFilters(Object(CInlineAction), Array)
#13 /data/Development/libs/yii-git/yii/framework/web/CWebApplication.php(282): CController->run('invoicefromorde...')
#14 /data/Development/libs/yii-git/yii/framework/web/CWebApplication.php(141): CWebApplication->runController('invoices/invoic...')
#15 /data/Development/libs/yii-git/yii/framework/base/CApplication.php(180): CWebApplication->processRequest()
#16 /data/Development/MyInvoice/index.php(13): CApplication->run()
#17 {main}
REQUEST_URI=/MyInvoice/index.php?r=invoices/invoicefromorder&orderid=23
---
2013/09/08 21:58:15 [error] [exception.CHttpException.400] exception 'CHttpException' with message 'Your request is invalid.' in /data/Development/libs/yii-git/yii/framework/web/CController.php:336
Stack trace:
#0 /data/Development/libs/yii-git/yii/framework/web/CController.php(309): CController->invalidActionParams(Object(CInlineAction))
#1 /data/Development/libs/yii-git/yii/framework/web/filters/CFilterChain.php(133): CController->runAction(Object(CInlineAction))
#2 /data/Development/libs/yii-git/yii/framework/web/filters/CFilter.php(40): CFilterChain->run()
#3 /data/Development/libs/yii-git/yii/framework/web/CController.php(1145): CFilter->filter(Object(CFilterChain))
#4 /data/Development/libs/yii-git/yii/framework/web/filters/CInlineFilter.php(58): CController->filterAccessControl(Object(CFilterChain))
#5 /data/Development/libs/yii-git/yii/framework/web/filters/CFilterChain.php(130): CInlineFilter->filter(Object(CFilterChain))
#6 /data/Development/libs/yii-git/yii/framework/web/CController.php(291): CFilterChain->run()
#7 /data/Development/libs/yii-git/yii/framework/web/CController.php(265): CController->runActionWithFilters(Object(CInlineAction), Array)
#8 /data/Development/libs/yii-git/yii/framework/web/CWebApplication.php(282): CController->run('invoiceFromOrde...')
#9 /data/Development/libs/yii-git/yii/framework/web/CWebApplication.php(141): CWebApplication->runController('Invoices/invoic...')
#10 /data/Development/libs/yii-git/yii/framework/base/CApplication.php(180): CWebApplication->processRequest()
#11 /data/Development/MyInvoice/index.php(13): CApplication->run()
#12 {main}
REQUEST_URI=/MyInvoice/index.php?r=Invoices/invoiceFromOrder
---
2013/09/08 21:58:23 [error] [exception.CHttpException.404] exception 'CHttpException' with message 'The requested page does not exist.' in /data/Development/MyInvoice/protected/controllers/InvoicesController.php:178
Stack trace:
#0 /data/Development/MyInvoice/protected/controllers/InvoicesController.php(76): InvoicesController->loadModel('2005288')
#1 /data/Development/MyInvoice/protected/controllers/InvoicesController.php(61): InvoicesController->actionView('2005288')
#2 [internal function]: InvoicesController->actionInvoiceFromOrder('123')
#3 /data/Development/libs/yii-git/yii/framework/web/actions/CAction.php(108): ReflectionMethod->invokeArgs(Object(InvoicesController), Array)
#4 /data/Development/libs/yii-git/yii/framework/web/actions/CInlineAction.php(47): CAction->runWithParamsInternal(Object(InvoicesController), Object(ReflectionMethod), Array)
#5 /data/Development/libs/yii-git/yii/framework/web/CController.php(308): CInlineAction->runWithParams(Array)
#6 /data/Development/libs/yii-git/yii/framework/web/filters/CFilterChain.php(133): CController->runAction(Object(CInlineAction))
#7 /data/Development/libs/yii-git/yii/framework/web/filters/CFilter.php(40): CFilterChain->run()
#8 /data/Development/libs/yii-git/yii/framework/web/CController.php(1145): CFilter->filter(Object(CFilterChain))
#9 /data/Development/libs/yii-git/yii/framework/web/filters/CInlineFilter.php(58): CController->filterAccessControl(Object(CFilterChain))
#10 /data/Development/libs/yii-git/yii/framework/web/filters/CFilterChain.php(130): CInlineFilter->filter(Object(CFilterChain))
#11 /data/Development/libs/yii-git/yii/framework/web/CController.php(291): CFilterChain->run()
#12 /data/Development/libs/yii-git/yii/framework/web/CController.php(265): CController->runActionWithFilters(Object(CInlineAction), Array)
#13 /data/Development/libs/yii-git/yii/framework/web/CWebApplication.php(282): CController->run('invoiceFromOrde...')
#14 /data/Development/libs/yii-git/yii/framework/web/CWebApplication.php(141): CWebApplication->runController('Invoices/invoic...')
#15 /data/Development/libs/yii-git/yii/framework/base/CApplication.php(180): CWebApplication->processRequest()
#16 /data/Development/MyInvoice/index.php(13): CApplication->run()
#17 {main}
REQUEST_URI=/MyInvoice/index.php?r=Invoices/invoiceFromOrder&orderid=123
---
2013/09/08 21:59:49 [error] [php] Undefined variable: model (/data/Development/MyInvoice/protected/controllers/InvoicesController.php:63)
Stack trace:
#0 /data/Development/libs/yii-git/yii/framework/web/actions/CInlineAction.php(47): CInlineAction->runWithParamsInternal()
#1 /data/Development/libs/yii-git/yii/framework/web/CController.php(308): CInlineAction->runWithParams()
#2 /data/Development/libs/yii-git/yii/framework/web/filters/CFilterChain.php(133): InvoicesController->runAction()
#3 /data/Development/libs/yii-git/yii/framework/web/filters/CFilter.php(40): CFilterChain->run()
#4 /data/Development/libs/yii-git/yii/framework/web/CController.php(1145): CAccessControlFilter->filter()
#5 /data/Development/libs/yii-git/yii/framework/web/filters/CInlineFilter.php(58): InvoicesController->filterAccessControl()
#6 /data/Development/libs/yii-git/yii/framework/web/filters/CFilterChain.php(130): CInlineFilter->filter()
#7 /data/Development/libs/yii-git/yii/framework/web/CController.php(291): CFilterChain->run()
#8 /data/Development/libs/yii-git/yii/framework/web/CController.php(265): InvoicesController->runActionWithFilters()
#9 /data/Development/libs/yii-git/yii/framework/web/CWebApplication.php(282): InvoicesController->run()
#10 /data/Development/libs/yii-git/yii/framework/web/CWebApplication.php(141): CWebApplication->runController()
#11 /data/Development/libs/yii-git/yii/framework/base/CApplication.php(180): CWebApplication->processRequest()
#12 /data/Development/MyInvoice/index.php(13): CWebApplication->run()
REQUEST_URI=/MyInvoice/index.php?r=Invoices/invoiceFromOrder&orderid=123
in /data/Development/MyInvoice/protected/controllers/InvoicesController.php (63)
in /data/Development/MyInvoice/index.php (13)
2013/09/08 22:17:41 [error] [php] Object of class InvoiceLine could not be converted to string (/data/Development/MyInvoice/protected/controllers/InvoicesController.php:79)
Stack trace:
#0 /data/Development/libs/yii-git/yii/framework/web/actions/CInlineAction.php(47): CInlineAction->runWithParamsInternal()
#1 /data/Development/libs/yii-git/yii/framework/web/CController.php(308): CInlineAction->runWithParams()
#2 /data/Development/libs/yii-git/yii/framework/web/filters/CFilterChain.php(133): InvoicesController->runAction()
#3 /data/Development/libs/yii-git/yii/framework/web/filters/CFilter.php(40): CFilterChain->run()
#4 /data/Development/libs/yii-git/yii/framework/web/CController.php(1145): CAccessControlFilter->filter()
#5 /data/Development/libs/yii-git/yii/framework/web/filters/CInlineFilter.php(58): InvoicesController->filterAccessControl()
#6 /data/Development/libs/yii-git/yii/framework/web/filters/CFilterChain.php(130): CInlineFilter->filter()
#7 /data/Development/libs/yii-git/yii/framework/web/CController.php(291): CFilterChain->run()
#8 /data/Development/libs/yii-git/yii/framework/web/CController.php(265): InvoicesController->runActionWithFilters()
#9 /data/Development/libs/yii-git/yii/framework/web/CWebApplication.php(282): InvoicesController->run()
#10 /data/Development/libs/yii-git/yii/framework/web/CWebApplication.php(141): CWebApplication->runController()
#11 /data/Development/libs/yii-git/yii/framework/base/CApplication.php(180): CWebApplication->processRequest()
#12 /data/Development/MyInvoice/index.php(13): CWebApplication->run()
REQUEST_URI=/MyInvoice/index.php?r=Invoices/invoiceFromOrder&orderid=2007254
in /data/Development/MyInvoice/protected/controllers/InvoicesController.php (79)
in /data/Development/MyInvoice/index.php (13)
2013/09/08 22:32:04 [error] [php] Object of class Invoices could not be converted to string (/data/Development/MyInvoice/protected/controllers/InvoicesController.php:64)
Stack trace:
#0 /data/Development/libs/yii-git/yii/framework/web/actions/CInlineAction.php(47): CInlineAction->runWithParamsInternal()
#1 /data/Development/libs/yii-git/yii/framework/web/CController.php(308): CInlineAction->runWithParams()
#2 /data/Development/libs/yii-git/yii/framework/web/filters/CFilterChain.php(133): InvoicesController->runAction()
#3 /data/Development/libs/yii-git/yii/framework/web/filters/CFilter.php(40): CFilterChain->run()
#4 /data/Development/libs/yii-git/yii/framework/web/CController.php(1145): CAccessControlFilter->filter()
#5 /data/Development/libs/yii-git/yii/framework/web/filters/CInlineFilter.php(58): InvoicesController->filterAccessControl()
#6 /data/Development/libs/yii-git/yii/framework/web/filters/CFilterChain.php(130): CInlineFilter->filter()
#7 /data/Development/libs/yii-git/yii/framework/web/CController.php(291): CFilterChain->run()
#8 /data/Development/libs/yii-git/yii/framework/web/CController.php(265): InvoicesController->runActionWithFilters()
#9 /data/Development/libs/yii-git/yii/framework/web/CWebApplication.php(282): InvoicesController->run()
#10 /data/Development/libs/yii-git/yii/framework/web/CWebApplication.php(141): CWebApplication->runController()
#11 /data/Development/libs/yii-git/yii/framework/base/CApplication.php(180): CWebApplication->processRequest()
#12 /data/Development/MyInvoice/index.php(13): CWebApplication->run()
REQUEST_URI=/MyInvoice/index.php?r=Invoices/invoiceFromOrder&orderid=2007247
in /data/Development/MyInvoice/protected/controllers/InvoicesController.php (64)
in /data/Development/MyInvoice/index.php (13)
2013/09/08 22:32:15 [error] [exception.CHttpException.404] exception 'CHttpException' with message 'The requested page does not exist.' in /data/Development/MyInvoice/protected/controllers/InvoicesController.php:212
Stack trace:
#0 /data/Development/MyInvoice/protected/controllers/InvoicesController.php(110): InvoicesController->loadModel('2005313')
#1 /data/Development/MyInvoice/protected/controllers/InvoicesController.php(99): InvoicesController->actionView('2005313')
#2 [internal function]: InvoicesController->actionInvoiceFromOrder('2007247')
#3 /data/Development/libs/yii-git/yii/framework/web/actions/CAction.php(108): ReflectionMethod->invokeArgs(Object(InvoicesController), Array)
#4 /data/Development/libs/yii-git/yii/framework/web/actions/CInlineAction.php(47): CAction->runWithParamsInternal(Object(InvoicesController), Object(ReflectionMethod), Array)
#5 /data/Development/libs/yii-git/yii/framework/web/CController.php(308): CInlineAction->runWithParams(Array)
#6 /data/Development/libs/yii-git/yii/framework/web/filters/CFilterChain.php(133): CController->runAction(Object(CInlineAction))
#7 /data/Development/libs/yii-git/yii/framework/web/filters/CFilter.php(40): CFilterChain->run()
#8 /data/Development/libs/yii-git/yii/framework/web/CController.php(1145): CFilter->filter(Object(CFilterChain))
#9 /data/Development/libs/yii-git/yii/framework/web/filters/CInlineFilter.php(58): CController->filterAccessControl(Object(CFilterChain))
#10 /data/Development/libs/yii-git/yii/framework/web/filters/CFilterChain.php(130): CInlineFilter->filter(Object(CFilterChain))
#11 /data/Development/libs/yii-git/yii/framework/web/CController.php(291): CFilterChain->run()
#12 /data/Development/libs/yii-git/yii/framework/web/CController.php(265): CController->runActionWithFilters(Object(CInlineAction), Array)
#13 /data/Development/libs/yii-git/yii/framework/web/CWebApplication.php(282): CController->run('invoiceFromOrde...')
#14 /data/Development/libs/yii-git/yii/framework/web/CWebApplication.php(141): CWebApplication->runController('Invoices/invoic...')
#15 /data/Development/libs/yii-git/yii/framework/base/CApplication.php(180): CWebApplication->processRequest()
#16 /data/Development/MyInvoice/index.php(13): CApplication->run()
#17 {main}
REQUEST_URI=/MyInvoice/index.php?r=Invoices/invoiceFromOrder&orderid=2007247
---
2013/09/08 22:33:25 [error] [exception.CHttpException.404] exception 'CHttpException' with message 'The requested page does not exist.' in /data/Development/MyInvoice/protected/controllers/InvoicesController.php:213
Stack trace:
#0 /data/Development/MyInvoice/protected/controllers/InvoicesController.php(111): InvoicesController->loadModel('2005315')
#1 /data/Development/MyInvoice/protected/controllers/InvoicesController.php(63): InvoicesController->actionView('2005315')
#2 [internal function]: InvoicesController->actionInvoiceFromOrder('2007247')
#3 /data/Development/libs/yii-git/yii/framework/web/actions/CAction.php(108): ReflectionMethod->invokeArgs(Object(InvoicesController), Array)
#4 /data/Development/libs/yii-git/yii/framework/web/actions/CInlineAction.php(47): CAction->runWithParamsInternal(Object(InvoicesController), Object(ReflectionMethod), Array)
#5 /data/Development/libs/yii-git/yii/framework/web/CController.php(308): CInlineAction->runWithParams(Array)
#6 /data/Development/libs/yii-git/yii/framework/web/filters/CFilterChain.php(133): CController->runAction(Object(CInlineAction))
#7 /data/Development/libs/yii-git/yii/framework/web/filters/CFilter.php(40): CFilterChain->run()
#8 /data/Development/libs/yii-git/yii/framework/web/CController.php(1145): CFilter->filter(Object(CFilterChain))
#9 /data/Development/libs/yii-git/yii/framework/web/filters/CInlineFilter.php(58): CController->filterAccessControl(Object(CFilterChain))
#10 /data/Development/libs/yii-git/yii/framework/web/filters/CFilterChain.php(130): CInlineFilter->filter(Object(CFilterChain))
#11 /data/Development/libs/yii-git/yii/framework/web/CController.php(291): CFilterChain->run()
#12 /data/Development/libs/yii-git/yii/framework/web/CController.php(265): CController->runActionWithFilters(Object(CInlineAction), Array)
#13 /data/Development/libs/yii-git/yii/framework/web/CWebApplication.php(282): CController->run('invoiceFromOrde...')
#14 /data/Development/libs/yii-git/yii/framework/web/CWebApplication.php(141): CWebApplication->runController('Invoices/invoic...')
#15 /data/Development/libs/yii-git/yii/framework/base/CApplication.php(180): CWebApplication->processRequest()
#16 /data/Development/MyInvoice/index.php(13): CApplication->run()
#17 {main}
REQUEST_URI=/MyInvoice/index.php?r=Invoices/invoiceFromOrder&orderid=2007247
---
2013/09/08 22:33:38 [error] [exception.CHttpException.404] exception 'CHttpException' with message 'The requested page does not exist.' in /data/Development/MyInvoice/protected/controllers/InvoicesController.php:213
Stack trace:
#0 /data/Development/MyInvoice/protected/controllers/InvoicesController.php(111): InvoicesController->loadModel('2005316')
#1 /data/Development/MyInvoice/protected/controllers/InvoicesController.php(65): InvoicesController->actionView('2005316')
#2 [internal function]: InvoicesController->actionInvoiceFromOrder('2007247')
#3 /data/Development/libs/yii-git/yii/framework/web/actions/CAction.php(108): ReflectionMethod->invokeArgs(Object(InvoicesController), Array)
#4 /data/Development/libs/yii-git/yii/framework/web/actions/CInlineAction.php(47): CAction->runWithParamsInternal(Object(InvoicesController), Object(ReflectionMethod), Array)
#5 /data/Development/libs/yii-git/yii/framework/web/CController.php(308): CInlineAction->runWithParams(Array)
#6 /data/Development/libs/yii-git/yii/framework/web/filters/CFilterChain.php(133): CController->runAction(Object(CInlineAction))
#7 /data/Development/libs/yii-git/yii/framework/web/filters/CFilter.php(40): CFilterChain->run()
#8 /data/Development/libs/yii-git/yii/framework/web/CController.php(1145): CFilter->filter(Object(CFilterChain))
#9 /data/Development/libs/yii-git/yii/framework/web/filters/CInlineFilter.php(58): CController->filterAccessControl(Object(CFilterChain))
#10 /data/Development/libs/yii-git/yii/framework/web/filters/CFilterChain.php(130): CInlineFilter->filter(Object(CFilterChain))
#11 /data/Development/libs/yii-git/yii/framework/web/CController.php(291): CFilterChain->run()
#12 /data/Development/libs/yii-git/yii/framework/web/CController.php(265): CController->runActionWithFilters(Object(CInlineAction), Array)
#13 /data/Development/libs/yii-git/yii/framework/web/CWebApplication.php(282): CController->run('invoiceFromOrde...')
#14 /data/Development/libs/yii-git/yii/framework/web/CWebApplication.php(141): CWebApplication->runController('Invoices/invoic...')
#15 /data/Development/libs/yii-git/yii/framework/base/CApplication.php(180): CWebApplication->processRequest()
#16 /data/Development/MyInvoice/index.php(13): CApplication->run()
#17 {main}
REQUEST_URI=/MyInvoice/index.php?r=Invoices/invoiceFromOrder&orderid=2007247
---
2013/09/08 22:37:53 [error] [exception.CHttpException.404] exception 'CHttpException' with message 'The requested page does not exist.' in /data/Development/MyInvoice/protected/controllers/InvoicesController.php:214
Stack trace:
#0 /data/Development/MyInvoice/protected/controllers/InvoicesController.php(112): InvoicesController->loadModel('2005317')
#1 /data/Development/MyInvoice/protected/controllers/InvoicesController.php(66): InvoicesController->actionView('2005317')
#2 [internal function]: InvoicesController->actionInvoiceFromOrder('2007247')
#3 /data/Development/libs/yii-git/yii/framework/web/actions/CAction.php(108): ReflectionMethod->invokeArgs(Object(InvoicesController), Array)
#4 /data/Development/libs/yii-git/yii/framework/web/actions/CInlineAction.php(47): CAction->runWithParamsInternal(Object(InvoicesController), Object(ReflectionMethod), Array)
#5 /data/Development/libs/yii-git/yii/framework/web/CController.php(308): CInlineAction->runWithParams(Array)
#6 /data/Development/libs/yii-git/yii/framework/web/filters/CFilterChain.php(133): CController->runAction(Object(CInlineAction))
#7 /data/Development/libs/yii-git/yii/framework/web/filters/CFilter.php(40): CFilterChain->run()
#8 /data/Development/libs/yii-git/yii/framework/web/CController.php(1145): CFilter->filter(Object(CFilterChain))
#9 /data/Development/libs/yii-git/yii/framework/web/filters/CInlineFilter.php(58): CController->filterAccessControl(Object(CFilterChain))
#10 /data/Development/libs/yii-git/yii/framework/web/filters/CFilterChain.php(130): CInlineFilter->filter(Object(CFilterChain))
#11 /data/Development/libs/yii-git/yii/framework/web/CController.php(291): CFilterChain->run()
#12 /data/Development/libs/yii-git/yii/framework/web/CController.php(265): CController->runActionWithFilters(Object(CInlineAction), Array)
#13 /data/Development/libs/yii-git/yii/framework/web/CWebApplication.php(282): CController->run('invoiceFromOrde...')
#14 /data/Development/libs/yii-git/yii/framework/web/CWebApplication.php(141): CWebApplication->runController('Invoices/invoic...')
#15 /data/Development/libs/yii-git/yii/framework/base/CApplication.php(180): CWebApplication->processRequest()
#16 /data/Development/MyInvoice/index.php(13): CApplication->run()
#17 {main}
REQUEST_URI=/MyInvoice/index.php?r=Invoices/invoiceFromOrder&orderid=2007247
---
2013/09/08 22:39:58 [error] [exception.CHttpException.404] exception 'CHttpException' with message 'The requested page does not exist.' in /data/Development/MyInvoice/protected/controllers/InvoicesController.php:214
Stack trace:
#0 /data/Development/MyInvoice/protected/controllers/InvoicesController.php(112): InvoicesController->loadModel('2005318')
#1 /data/Development/MyInvoice/protected/controllers/InvoicesController.php(66): InvoicesController->actionView('2005318')
#2 [internal function]: InvoicesController->actionInvoiceFromOrder('2007247')
#3 /data/Development/libs/yii-git/yii/framework/web/actions/CAction.php(108): ReflectionMethod->invokeArgs(Object(InvoicesController), Array)
#4 /data/Development/libs/yii-git/yii/framework/web/actions/CInlineAction.php(47): CAction->runWithParamsInternal(Object(InvoicesController), Object(ReflectionMethod), Array)
#5 /data/Development/libs/yii-git/yii/framework/web/CController.php(308): CInlineAction->runWithParams(Array)
#6 /data/Development/libs/yii-git/yii/framework/web/filters/CFilterChain.php(133): CController->runAction(Object(CInlineAction))
#7 /data/Development/libs/yii-git/yii/framework/web/filters/CFilter.php(40): CFilterChain->run()
#8 /data/Development/libs/yii-git/yii/framework/web/CController.php(1145): CFilter->filter(Object(CFilterChain))
#9 /data/Development/libs/yii-git/yii/framework/web/filters/CInlineFilter.php(58): CController->filterAccessControl(Object(CFilterChain))
#10 /data/Development/libs/yii-git/yii/framework/web/filters/CFilterChain.php(130): CInlineFilter->filter(Object(CFilterChain))
#11 /data/Development/libs/yii-git/yii/framework/web/CController.php(291): CFilterChain->run()
#12 /data/Development/libs/yii-git/yii/framework/web/CController.php(265): CController->runActionWithFilters(Object(CInlineAction), Array)
#13 /data/Development/libs/yii-git/yii/framework/web/CWebApplication.php(282): CController->run('invoiceFromOrde...')
#14 /data/Development/libs/yii-git/yii/framework/web/CWebApplication.php(141): CWebApplication->runController('Invoices/invoic...')
#15 /data/Development/libs/yii-git/yii/framework/base/CApplication.php(180): CWebApplication->processRequest()
#16 /data/Development/MyInvoice/index.php(13): CApplication->run()
#17 {main}
REQUEST_URI=/MyInvoice/index.php?r=Invoices/invoiceFromOrder&orderid=2007247
---
2013/09/08 22:41:19 [error] [exception.CHttpException.404] exception 'CHttpException' with message 'The requested page does not exist.' in /data/Development/MyInvoice/protected/controllers/InvoicesController.php:214
Stack trace:
#0 /data/Development/MyInvoice/protected/controllers/InvoicesController.php(112): InvoicesController->loadModel('2005319')
#1 /data/Development/MyInvoice/protected/controllers/InvoicesController.php(66): InvoicesController->actionView('2005319')
#2 [internal function]: InvoicesController->actionInvoiceFromOrder('2007247')
#3 /data/Development/libs/yii-git/yii/framework/web/actions/CAction.php(108): ReflectionMethod->invokeArgs(Object(InvoicesController), Array)
#4 /data/Development/libs/yii-git/yii/framework/web/actions/CInlineAction.php(47): CAction->runWithParamsInternal(Object(InvoicesController), Object(ReflectionMethod), Array)
#5 /data/Development/libs/yii-git/yii/framework/web/CController.php(308): CInlineAction->runWithParams(Array)
#6 /data/Development/libs/yii-git/yii/framework/web/filters/CFilterChain.php(133): CController->runAction(Object(CInlineAction))
#7 /data/Development/libs/yii-git/yii/framework/web/filters/CFilter.php(40): CFilterChain->run()
#8 /data/Development/libs/yii-git/yii/framework/web/CController.php(1145): CFilter->filter(Object(CFilterChain))
#9 /data/Development/libs/yii-git/yii/framework/web/filters/CInlineFilter.php(58): CController->filterAccessControl(Object(CFilterChain))
#10 /data/Development/libs/yii-git/yii/framework/web/filters/CFilterChain.php(130): CInlineFilter->filter(Object(CFilterChain))
#11 /data/Development/libs/yii-git/yii/framework/web/CController.php(291): CFilterChain->run()
#12 /data/Development/libs/yii-git/yii/framework/web/CController.php(265): CController->runActionWithFilters(Object(CInlineAction), Array)
#13 /data/Development/libs/yii-git/yii/framework/web/CWebApplication.php(282): CController->run('invoiceFromOrde...')
#14 /data/Development/libs/yii-git/yii/framework/web/CWebApplication.php(141): CWebApplication->runController('Invoices/invoic...')
#15 /data/Development/libs/yii-git/yii/framework/base/CApplication.php(180): CWebApplication->processRequest()
#16 /data/Development/MyInvoice/index.php(13): CApplication->run()
#17 {main}
REQUEST_URI=/MyInvoice/index.php?r=Invoices/invoiceFromOrder&orderid=2007247
---
2013/09/08 22:49:27 [error] [php] DateTime::add() expects parameter 1 to be DateInterval, string given (/data/Development/MyInvoice/protected/controllers/InvoicesController.php:63)
Stack trace:
#0 /data/Development/libs/yii-git/yii/framework/web/actions/CAction.php(108): ReflectionMethod->invokeArgs()
#1 /data/Development/libs/yii-git/yii/framework/web/actions/CInlineAction.php(47): CInlineAction->runWithParamsInternal()
#2 /data/Development/libs/yii-git/yii/framework/web/CController.php(308): CInlineAction->runWithParams()
#3 /data/Development/libs/yii-git/yii/framework/web/filters/CFilterChain.php(133): InvoicesController->runAction()
#4 /data/Development/libs/yii-git/yii/framework/web/filters/CFilter.php(40): CFilterChain->run()
#5 /data/Development/libs/yii-git/yii/framework/web/CController.php(1145): CAccessControlFilter->filter()
#6 /data/Development/libs/yii-git/yii/framework/web/filters/CInlineFilter.php(58): InvoicesController->filterAccessControl()
#7 /data/Development/libs/yii-git/yii/framework/web/filters/CFilterChain.php(130): CInlineFilter->filter()
#8 /data/Development/libs/yii-git/yii/framework/web/CController.php(291): CFilterChain->run()
#9 /data/Development/libs/yii-git/yii/framework/web/CController.php(265): InvoicesController->runActionWithFilters()
#10 /data/Development/libs/yii-git/yii/framework/web/CWebApplication.php(282): InvoicesController->run()
#11 /data/Development/libs/yii-git/yii/framework/web/CWebApplication.php(141): CWebApplication->runController()
#12 /data/Development/libs/yii-git/yii/framework/base/CApplication.php(180): CWebApplication->processRequest()
#13 /data/Development/MyInvoice/index.php(13): CWebApplication->run()
REQUEST_URI=/MyInvoice/index.php?r=Invoices/invoiceFromOrder&orderid=2007247
in /data/Development/MyInvoice/protected/controllers/InvoicesController.php (63)
in /data/Development/MyInvoice/index.php (13)
2013/09/08 22:54:57 [error] [php] A non well formed numeric value encountered (/data/Development/MyInvoice/protected/controllers/InvoicesController.php:66)
Stack trace:
#0 /data/Development/libs/yii-git/yii/framework/web/actions/CAction.php(108): ReflectionMethod->invokeArgs()
#1 /data/Development/libs/yii-git/yii/framework/web/actions/CInlineAction.php(47): CInlineAction->runWithParamsInternal()
#2 /data/Development/libs/yii-git/yii/framework/web/CController.php(308): CInlineAction->runWithParams()
#3 /data/Development/libs/yii-git/yii/framework/web/filters/CFilterChain.php(133): InvoicesController->runAction()
#4 /data/Development/libs/yii-git/yii/framework/web/filters/CFilter.php(40): CFilterChain->run()
#5 /data/Development/libs/yii-git/yii/framework/web/CController.php(1145): CAccessControlFilter->filter()
#6 /data/Development/libs/yii-git/yii/framework/web/filters/CInlineFilter.php(58): InvoicesController->filterAccessControl()
#7 /data/Development/libs/yii-git/yii/framework/web/filters/CFilterChain.php(130): CInlineFilter->filter()
#8 /data/Development/libs/yii-git/yii/framework/web/CController.php(291): CFilterChain->run()
#9 /data/Development/libs/yii-git/yii/framework/web/CController.php(265): InvoicesController->runActionWithFilters()
#10 /data/Development/libs/yii-git/yii/framework/web/CWebApplication.php(282): InvoicesController->run()
#11 /data/Development/libs/yii-git/yii/framework/web/CWebApplication.php(141): CWebApplication->runController()
#12 /data/Development/libs/yii-git/yii/framework/base/CApplication.php(180): CWebApplication->processRequest()
#13 /data/Development/MyInvoice/index.php(13): CWebApplication->run()
REQUEST_URI=/MyInvoice/index.php?r=Invoices/invoiceFromOrder&orderid=2007247
in /data/Development/MyInvoice/protected/controllers/InvoicesController.php (66)
in /data/Development/MyInvoice/index.php (13)
2013/09/08 23:14:07 [error] [system.db.CDbCommand] CDbCommand::fetchAll() failed: SQLSTATE[HY000]: General error: 1345 EXPLAIN/SHOW can not be issued; lacking privileges for underlying table. The SQL statement executed was: SHOW FULL COLUMNS FROM `v_perfmances_per_ym`.
in /data/Development/MyInvoice/index.php (13)
2013/09/08 23:14:15 [error] [system.db.CDbCommand] CDbCommand::fetchAll() failed: SQLSTATE[HY000]: General error: 1345 EXPLAIN/SHOW can not be issued; lacking privileges for underlying table. The SQL statement executed was: SHOW FULL COLUMNS FROM `v_perfmances_per_ym`.
in /data/Development/MyInvoice/index.php (13)
2013/09/08 23:14:15 [error] [system.db.CDbCommand] CDbCommand::fetchAll() failed: SQLSTATE[HY000]: General error: 1345 EXPLAIN/SHOW can not be issued; lacking privileges for underlying table. The SQL statement executed was: SHOW FULL COLUMNS FROM `v_perfmances_per_ym`.
in /data/Development/MyInvoice/index.php (13)
2013/09/08 23:14:16 [error] [system.db.CDbCommand] CDbCommand::fetchAll() failed: SQLSTATE[HY000]: General error: 1345 EXPLAIN/SHOW can not be issued; lacking privileges for underlying table. The SQL statement executed was: SHOW FULL COLUMNS FROM `v_perfmances_per_ym`.
in /data/Development/MyInvoice/index.php (13)
2013/09/08 23:14:16 [error] [system.db.CDbCommand] CDbCommand::fetchAll() failed: SQLSTATE[HY000]: General error: 1345 EXPLAIN/SHOW can not be issued; lacking privileges for underlying table. The SQL statement executed was: SHOW FULL COLUMNS FROM `v_perfmances_per_ym`.
in /data/Development/MyInvoice/index.php (13)
2013/09/08 23:19:11 [error] [exception.CException] exception 'CException' with message 'Property "Orders.Subject" is not defined.' in /data/Development/libs/yii-git/yii/framework/base/CComponent.php:130
Stack trace:
#0 /data/Development/libs/yii-git/yii/framework/db/ar/CActiveRecord.php(145): CComponent->__get('Subject')
#1 /data/Development/MyInvoice/protected/controllers/InvoicesController.php(92): CActiveRecord->__get('Subject')
#2 [internal function]: InvoicesController->actionInvoiceFromOrder('2007247')
#3 /data/Development/libs/yii-git/yii/framework/web/actions/CAction.php(108): ReflectionMethod->invokeArgs(Object(InvoicesController), Array)
#4 /data/Development/libs/yii-git/yii/framework/web/actions/CInlineAction.php(47): CAction->runWithParamsInternal(Object(InvoicesController), Object(ReflectionMethod), Array)
#5 /data/Development/libs/yii-git/yii/framework/web/CController.php(308): CInlineAction->runWithParams(Array)
#6 /data/Development/libs/yii-git/yii/framework/web/filters/CFilterChain.php(133): CController->runAction(Object(CInlineAction))
#7 /data/Development/libs/yii-git/yii/framework/web/filters/CFilter.php(40): CFilterChain->run()
#8 /data/Development/libs/yii-git/yii/framework/web/CController.php(1145): CFilter->filter(Object(CFilterChain))
#9 /data/Development/libs/yii-git/yii/framework/web/filters/CInlineFilter.php(58): CController->filterAccessControl(Object(CFilterChain))
#10 /data/Development/libs/yii-git/yii/framework/web/filters/CFilterChain.php(130): CInlineFilter->filter(Object(CFilterChain))
#11 /data/Development/libs/yii-git/yii/framework/web/CController.php(291): CFilterChain->run()
#12 /data/Development/libs/yii-git/yii/framework/web/CController.php(265): CController->runActionWithFilters(Object(CInlineAction), Array)
#13 /data/Development/libs/yii-git/yii/framework/web/CWebApplication.php(282): CController->run('invoiceFromOrde...')
#14 /data/Development/libs/yii-git/yii/framework/web/CWebApplication.php(141): CWebApplication->runController('Invoices/invoic...')
#15 /data/Development/libs/yii-git/yii/framework/base/CApplication.php(180): CWebApplication->processRequest()
#16 /data/Development/MyInvoice/index.php(13): CApplication->run()
#17 {main}
REQUEST_URI=/MyInvoice/index.php?r=Invoices/invoiceFromOrder&orderid=2007247
---
2013/09/08 23:27:36 [error] [system.db.CDbCommand] CDbCommand::fetchAll() failed: SQLSTATE[42S22]: Column not found: 1054 Unknown column 'InvoiceNr' in 'where clause'. The SQL statement executed was: SELECT * FROM `tbl_InvoiceLine` `t` WHERE InvoiceNr='2005352'.
in /data/Development/MyInvoice/protected/controllers/InvoicesController.php (142)
in /data/Development/MyInvoice/protected/controllers/InvoicesController.php (129)
in /data/Development/MyInvoice/index.php (13)
2013/09/08 23:27:36 [error] [exception.CDbException] exception 'CDbException' with message 'CDbCommand failed to execute the SQL statement: SQLSTATE[42S22]: Column not found: 1054 Unknown column 'InvoiceNr' in 'where clause'. The SQL statement executed was: SELECT * FROM `tbl_InvoiceLine` `t` WHERE InvoiceNr='2005352'' in /data/Development/libs/yii-git/yii/framework/db/CDbCommand.php:543
Stack trace:
#0 /data/Development/libs/yii-git/yii/framework/db/CDbCommand.php(396): CDbCommand->queryInternal('fetchAll', Array, Array)
#1 /data/Development/libs/yii-git/yii/framework/db/ar/CActiveRecord.php(1351): CDbCommand->queryAll()
#2 /data/Development/libs/yii-git/yii/framework/db/ar/CActiveRecord.php(1470): CActiveRecord->query(Object(CDbCriteria), true)
#3 /data/Development/MyInvoice/protected/controllers/InvoicesController.php(142): CActiveRecord->findAll('InvoiceNr='2005...')
#4 /data/Development/MyInvoice/protected/controllers/InvoicesController.php(129): InvoicesController->actionView('390')
#5 [internal function]: InvoicesController->actionInvoiceFromOrder('2007252')
#6 /data/Development/libs/yii-git/yii/framework/web/actions/CAction.php(108): ReflectionMethod->invokeArgs(Object(InvoicesController), Array)
#7 /data/Development/libs/yii-git/yii/framework/web/actions/CInlineAction.php(47): CAction->runWithParamsInternal(Object(InvoicesController), Object(ReflectionMethod), Array)
#8 /data/Development/libs/yii-git/yii/framework/web/CController.php(308): CInlineAction->runWithParams(Array)
#9 /data/Development/libs/yii-git/yii/framework/web/filters/CFilterChain.php(133): CController->runAction(Object(CInlineAction))
#10 /data/Development/libs/yii-git/yii/framework/web/filters/CFilter.php(40): CFilterChain->run()
#11 /data/Development/libs/yii-git/yii/framework/web/CController.php(1145): CFilter->filter(Object(CFilterChain))
#12 /data/Development/libs/yii-git/yii/framework/web/filters/CInlineFilter.php(58): CController->filterAccessControl(Object(CFilterChain))
#13 /data/Development/libs/yii-git/yii/framework/web/filters/CFilterChain.php(130): CInlineFilter->filter(Object(CFilterChain))
#14 /data/Development/libs/yii-git/yii/framework/web/CController.php(291): CFilterChain->run()
#15 /data/Development/libs/yii-git/yii/framework/web/CController.php(265): CController->runActionWithFilters(Object(CInlineAction), Array)
#16 /data/Development/libs/yii-git/yii/framework/web/CWebApplication.php(282): CController->run('invoiceFromOrde...')
#17 /data/Development/libs/yii-git/yii/framework/web/CWebApplication.php(141): CWebApplication->runController('Invoices/invoic...')
#18 /data/Development/libs/yii-git/yii/framework/base/CApplication.php(180): CWebApplication->processRequest()
#19 /data/Development/MyInvoice/index.php(13): CApplication->run()
#20 {main}
REQUEST_URI=/MyInvoice/index.php?r=Invoices/invoiceFromOrder&orderid=2007252
---
2013/09/08 23:31:28 [error] [exception.CException] exception 'CException' with message 'Property "Invoices.InvoiceID" is not defined.' in /data/Development/libs/yii-git/yii/framework/base/CComponent.php:130
Stack trace:
#0 /data/Development/libs/yii-git/yii/framework/db/ar/CActiveRecord.php(145): CComponent->__get('InvoiceID')
#1 /data/Development/libs/yii-git/yii/framework/web/helpers/CHtml.php(2529): CActiveRecord->__get('InvoiceID')
#2 /data/Development/libs/yii-git/yii/framework/web/helpers/CHtml.php(2252): CHtml::resolveValue(Object(Invoices), 'InvoiceID')
#3 /data/Development/libs/yii-git/yii/framework/web/helpers/CHtml.php(1434): CHtml::activeInputField('text', Object(Invoices), 'InvoiceID', Array)
#4 /data/Development/libs/yii-git/yii/framework/zii/widgets/grid/CDataColumn.php(103): CHtml::activeTextField(Object(Invoices), 'InvoiceID', Array)
#5 /data/Development/libs/yii-git/yii/framework/zii/widgets/grid/CGridColumn.php(116): CDataColumn->renderFilterCellContent()
#6 /data/Development/libs/yii-git/yii/framework/zii/widgets/grid/CGridView.php(532): CGridColumn->renderFilterCell()
#7 /data/Development/libs/yii-git/yii/framework/zii/widgets/grid/CGridView.php(510): CGridView->renderFilter()
#8 /data/Development/libs/yii-git/yii/framework/zii/widgets/grid/CGridView.php(480): CGridView->renderTableHeader()
#9 /data/Development/libs/yii-git/yii/framework/zii/widgets/CBaseListView.php(167): CGridView->renderItems()
#10 [internal function]: CBaseListView->renderSection(Array)
#11 /data/Development/libs/yii-git/yii/framework/zii/widgets/CBaseListView.php(150): preg_replace_callback('/{(\w+)}/', Array, '{summary}?{item...')
#12 /data/Development/libs/yii-git/yii/framework/zii/widgets/CBaseListView.php(135): CBaseListView->renderContent()
#13 /data/Development/libs/yii-git/yii/framework/web/CBaseController.php(173): CBaseListView->run()
#14 /data/Development/MyInvoice/protected/views/invoices/view.php(59): CBaseController->widget('zii.widgets.gri...', Array)
#15 /data/Development/libs/yii-git/yii/framework/web/CBaseController.php(126): require('/data/Developme...')
#16 /data/Development/libs/yii-git/yii/framework/web/CBaseController.php(95): CBaseController->renderInternal('/data/Developme...', Array, true)
#17 /data/Development/libs/yii-git/yii/framework/web/CController.php(869): CBaseController->renderFile('/data/Developme...', Array, true)
#18 /data/Development/libs/yii-git/yii/framework/web/CController.php(782): CController->renderPartial('view', Array, true)
#19 /data/Development/MyInvoice/protected/controllers/InvoicesController.php(147): CController->render('view', Array)
#20 /data/Development/MyInvoice/protected/controllers/InvoicesController.php(129): InvoicesController->actionView('392')
#21 [internal function]: InvoicesController->actionInvoiceFromOrder('2007252')
#22 /data/Development/libs/yii-git/yii/framework/web/actions/CAction.php(108): ReflectionMethod->invokeArgs(Object(InvoicesController), Array)
#23 /data/Development/libs/yii-git/yii/framework/web/actions/CInlineAction.php(47): CAction->runWithParamsInternal(Object(InvoicesController), Object(ReflectionMethod), Array)
#24 /data/Development/libs/yii-git/yii/framework/web/CController.php(308): CInlineAction->runWithParams(Array)
#25 /data/Development/libs/yii-git/yii/framework/web/filters/CFilterChain.php(133): CController->runAction(Object(CInlineAction))
#26 /data/Development/libs/yii-git/yii/framework/web/filters/CFilter.php(40): CFilterChain->run()
#27 /data/Development/libs/yii-git/yii/framework/web/CController.php(1145): CFilter->filter(Object(CFilterChain))
#28 /data/Development/libs/yii-git/yii/framework/web/filters/CInlineFilter.php(58): CController->filterAccessControl(Object(CFilterChain))
#29 /data/Development/libs/yii-git/yii/framework/web/filters/CFilterChain.php(130): CInlineFilter->filter(Object(CFilterChain))
#30 /data/Development/libs/yii-git/yii/framework/web/CController.php(291): CFilterChain->run()
#31 /data/Development/libs/yii-git/yii/framework/web/CController.php(265): CController->runActionWithFilters(Object(CInlineAction), Array)
#32 /data/Development/libs/yii-git/yii/framework/web/CWebApplication.php(282): CController->run('invoiceFromOrde...')
#33 /data/Development/libs/yii-git/yii/framework/web/CWebApplication.php(141): CWebApplication->runController('Invoices/invoic...')
#34 /data/Development/libs/yii-git/yii/framework/base/CApplication.php(180): CWebApplication->processRequest()
#35 /data/Development/MyInvoice/index.php(13): CApplication->run()
#36 {main}
REQUEST_URI=/MyInvoice/index.php?r=Invoices/invoiceFromOrder&orderid=2007252
---
2013/09/08 23:42:00 [error] [system.db.CDbCommand] CDbCommand::fetchColumn() failed: SQLSTATE[42S02]: Base table or view not found: 1146 Table 'MELIT.tbl_InvoiceLines' doesn't exist. The SQL statement executed was: select count(*) from (SELECT * FROM tbl_InvoiceLines WHERE `InvoiceID`=398) `t`.
in /data/Development/MyInvoice/protected/controllers/InvoicesController.php (145)
in /data/Development/MyInvoice/protected/controllers/InvoicesController.php (128)
in /data/Development/MyInvoice/index.php (13)
2013/09/08 23:42:00 [error] [exception.CDbException] exception 'CDbException' with message 'CDbCommand failed to execute the SQL statement: SQLSTATE[42S02]: Base table or view not found: 1146 Table 'MELIT.tbl_InvoiceLines' doesn't exist. The SQL statement executed was: select count(*) from (SELECT * FROM tbl_InvoiceLines WHERE `InvoiceID`=398) `t`' in /data/Development/libs/yii-git/yii/framework/db/CDbCommand.php:543
Stack trace:
#0 /data/Development/libs/yii-git/yii/framework/db/CDbCommand.php(433): CDbCommand->queryInternal('fetchColumn', 0, Array)
#1 /data/Development/MyInvoice/protected/controllers/InvoicesController.php(145): CDbCommand->queryScalar()
#2 /data/Development/MyInvoice/protected/controllers/InvoicesController.php(128): InvoicesController->actionView('398')
#3 [internal function]: InvoicesController->actionInvoiceFromOrder('2007252')
#4 /data/Development/libs/yii-git/yii/framework/web/actions/CAction.php(108): ReflectionMethod->invokeArgs(Object(InvoicesController), Array)
#5 /data/Development/libs/yii-git/yii/framework/web/actions/CInlineAction.php(47): CAction->runWithParamsInternal(Object(InvoicesController), Object(ReflectionMethod), Array)
#6 /data/Development/libs/yii-git/yii/framework/web/CController.php(308): CInlineAction->runWithParams(Array)
#7 /data/Development/libs/yii-git/yii/framework/web/filters/CFilterChain.php(133): CController->runAction(Object(CInlineAction))
#8 /data/Development/libs/yii-git/yii/framework/web/filters/CFilter.php(40): CFilterChain->run()
#9 /data/Development/libs/yii-git/yii/framework/web/CController.php(1145): CFilter->filter(Object(CFilterChain))
#10 /data/Development/libs/yii-git/yii/framework/web/filters/CInlineFilter.php(58): CController->filterAccessControl(Object(CFilterChain))
#11 /data/Development/libs/yii-git/yii/framework/web/filters/CFilterChain.php(130): CInlineFilter->filter(Object(CFilterChain))
#12 /data/Development/libs/yii-git/yii/framework/web/CController.php(291): CFilterChain->run()
#13 /data/Development/libs/yii-git/yii/framework/web/CController.php(265): CController->runActionWithFilters(Object(CInlineAction), Array)
#14 /data/Development/libs/yii-git/yii/framework/web/CWebApplication.php(282): CController->run('invoiceFromOrde...')
#15 /data/Development/libs/yii-git/yii/framework/web/CWebApplication.php(141): CWebApplication->runController('Invoices/invoic...')
#16 /data/Development/libs/yii-git/yii/framework/base/CApplication.php(180): CWebApplication->processRequest()
#17 /data/Development/MyInvoice/index.php(13): CApplication->run()
#18 {main}
REQUEST_URI=/MyInvoice/index.php?r=Invoices/invoiceFromOrder&orderid=2007252
---
2013/09/08 23:47:07 [error] [php] Trying to get property of non-object (/data/Development/libs/yii-git/yii/framework/base/CComponent.php(612) : eval()'d code:1)
Stack trace:
#0 /data/Development/libs/yii-git/yii/framework/zii/widgets/grid/CButtonColumn.php(319): CButtonColumn->renderButton()
#1 /data/Development/libs/yii-git/yii/framework/zii/widgets/grid/CGridColumn.php(151): CButtonColumn->renderDataCellContent()
#2 /data/Development/libs/yii-git/yii/framework/zii/widgets/grid/CGridView.php(616): CButtonColumn->renderDataCell()
#3 /data/Development/libs/yii-git/yii/framework/zii/widgets/grid/CGridView.php(572): CGridView->renderTableRow()
#4 /data/Development/libs/yii-git/yii/framework/zii/widgets/grid/CGridView.php(482): CGridView->renderTableBody()
#5 /data/Development/libs/yii-git/yii/framework/zii/widgets/CBaseListView.php(167): CGridView->renderItems()
#6 unknown(0): CGridView->renderSection()
#7 /data/Development/libs/yii-git/yii/framework/zii/widgets/CBaseListView.php(150): preg_replace_callback()
#8 /data/Development/libs/yii-git/yii/framework/zii/widgets/CBaseListView.php(135): CGridView->renderContent()
#9 /data/Development/libs/yii-git/yii/framework/web/CBaseController.php(173): CGridView->run()
#10 /data/Development/MyInvoice/protected/views/invoices/view.php(61): InvoicesController->widget()
#11 /data/Development/libs/yii-git/yii/framework/web/CBaseController.php(126): require()
#12 /data/Development/libs/yii-git/yii/framework/web/CBaseController.php(95): InvoicesController->renderInternal()
#13 /data/Development/libs/yii-git/yii/framework/web/CController.php(869): InvoicesController->renderFile()
#14 /data/Development/libs/yii-git/yii/framework/web/CController.php(782): InvoicesController->renderPartial()
#15 /data/Development/MyInvoice/protected/controllers/InvoicesController.php(164): InvoicesController->render()
#16 /data/Development/MyInvoice/protected/controllers/InvoicesController.php(128): InvoicesController->actionView()
#17 unknown(0): InvoicesController->actionInvoiceFromOrder()
#18 /data/Development/libs/yii-git/yii/framework/web/actions/CAction.php(108): ReflectionMethod->invokeArgs()
#19 /data/Development/libs/yii-git/yii/framework/web/actions/CInlineAction.php(47): CInlineAction->runWithParamsInternal()
#20 /data/Development/libs/yii-git/yii/framework/web/CController.php(308): CInlineAction->runWithParams()
#21 /data/Development/libs/yii-git/yii/framework/web/filters/CFilterChain.php(133): InvoicesController->runAction()
#22 /data/Development/libs/yii-git/yii/framework/web/filters/CFilter.php(40): CFilterChain->run()
#23 /data/Development/libs/yii-git/yii/framework/web/CController.php(1145): CAccessControlFilter->filter()
#24 /data/Development/libs/yii-git/yii/framework/web/filters/CInlineFilter.php(58): InvoicesController->filterAccessControl()
#25 /data/Development/libs/yii-git/yii/framework/web/filters/CFilterChain.php(130): CInlineFilter->filter()
#26 /data/Development/libs/yii-git/yii/framework/web/CController.php(291): CFilterChain->run()
#27 /data/Development/libs/yii-git/yii/framework/web/CController.php(265): InvoicesController->runActionWithFilters()
#28 /data/Development/libs/yii-git/yii/framework/web/CWebApplication.php(282): InvoicesController->run()
#29 /data/Development/libs/yii-git/yii/framework/web/CWebApplication.php(141): CWebApplication->runController()
#30 /data/Development/libs/yii-git/yii/framework/base/CApplication.php(180): CWebApplication->processRequest()
#31 /data/Development/MyInvoice/index.php(13): CWebApplication->run()
REQUEST_URI=/MyInvoice/index.php?r=Invoices/invoiceFromOrder&orderid=2007252
in /data/Development/MyInvoice/protected/views/invoices/view.php (61)
in /data/Development/MyInvoice/protected/controllers/InvoicesController.php (164)
in /data/Development/MyInvoice/protected/controllers/InvoicesController.php (128)
2013/09/08 23:47:25 [error] [php] Trying to get property of non-object (/data/Development/libs/yii-git/yii/framework/base/CComponent.php(612) : eval()'d code:1)
Stack trace:
#0 /data/Development/libs/yii-git/yii/framework/zii/widgets/grid/CButtonColumn.php(319): CButtonColumn->renderButton()
#1 /data/Development/libs/yii-git/yii/framework/zii/widgets/grid/CGridColumn.php(151): CButtonColumn->renderDataCellContent()
#2 /data/Development/libs/yii-git/yii/framework/zii/widgets/grid/CGridView.php(616): CButtonColumn->renderDataCell()
#3 /data/Development/libs/yii-git/yii/framework/zii/widgets/grid/CGridView.php(572): CGridView->renderTableRow()
#4 /data/Development/libs/yii-git/yii/framework/zii/widgets/grid/CGridView.php(482): CGridView->renderTableBody()
#5 /data/Development/libs/yii-git/yii/framework/zii/widgets/CBaseListView.php(167): CGridView->renderItems()
#6 unknown(0): CGridView->renderSection()
#7 /data/Development/libs/yii-git/yii/framework/zii/widgets/CBaseListView.php(150): preg_replace_callback()
#8 /data/Development/libs/yii-git/yii/framework/zii/widgets/CBaseListView.php(135): CGridView->renderContent()
#9 /data/Development/libs/yii-git/yii/framework/web/CBaseController.php(173): CGridView->run()
#10 /data/Development/MyInvoice/protected/views/invoices/view.php(61): InvoicesController->widget()
#11 /data/Development/libs/yii-git/yii/framework/web/CBaseController.php(126): require()
#12 /data/Development/libs/yii-git/yii/framework/web/CBaseController.php(95): InvoicesController->renderInternal()
#13 /data/Development/libs/yii-git/yii/framework/web/CController.php(869): InvoicesController->renderFile()
#14 /data/Development/libs/yii-git/yii/framework/web/CController.php(782): InvoicesController->renderPartial()
#15 /data/Development/MyInvoice/protected/controllers/InvoicesController.php(164): InvoicesController->render()
#16 /data/Development/MyInvoice/protected/controllers/InvoicesController.php(128): InvoicesController->actionView()
#17 unknown(0): InvoicesController->actionInvoiceFromOrder()
#18 /data/Development/libs/yii-git/yii/framework/web/actions/CAction.php(108): ReflectionMethod->invokeArgs()
#19 /data/Development/libs/yii-git/yii/framework/web/actions/CInlineAction.php(47): CInlineAction->runWithParamsInternal()
#20 /data/Development/libs/yii-git/yii/framework/web/CController.php(308): CInlineAction->runWithParams()
#21 /data/Development/libs/yii-git/yii/framework/web/filters/CFilterChain.php(133): InvoicesController->runAction()
#22 /data/Development/libs/yii-git/yii/framework/web/filters/CFilter.php(40): CFilterChain->run()
#23 /data/Development/libs/yii-git/yii/framework/web/CController.php(1145): CAccessControlFilter->filter()
#24 /data/Development/libs/yii-git/yii/framework/web/filters/CInlineFilter.php(58): InvoicesController->filterAccessControl()
#25 /data/Development/libs/yii-git/yii/framework/web/filters/CFilterChain.php(130): CInlineFilter->filter()
#26 /data/Development/libs/yii-git/yii/framework/web/CController.php(291): CFilterChain->run()
#27 /data/Development/libs/yii-git/yii/framework/web/CController.php(265): InvoicesController->runActionWithFilters()
#28 /data/Development/libs/yii-git/yii/framework/web/CWebApplication.php(282): InvoicesController->run()
#29 /data/Development/libs/yii-git/yii/framework/web/CWebApplication.php(141): CWebApplication->runController()
#30 /data/Development/libs/yii-git/yii/framework/base/CApplication.php(180): CWebApplication->processRequest()
#31 /data/Development/MyInvoice/index.php(13): CWebApplication->run()
REQUEST_URI=/MyInvoice/index.php?r=Invoices/invoiceFromOrder&orderid=2007252
in /data/Development/MyInvoice/protected/views/invoices/view.php (61)
in /data/Development/MyInvoice/protected/controllers/InvoicesController.php (164)
in /data/Development/MyInvoice/protected/controllers/InvoicesController.php (128)
